kotlin version: 2.0.21
error message: org.jetbrains.kotlin.backend.common.BackendException: Backend Internal error: Exception during IR lowering
File being compiled: C:/Users/DELOUMEAU Mael/AndroidStudioProjects/Appli_tablette/app/src/main/java/com/cetie/appli_tablette/DetailActivity.kt
The root cause java.lang.RuntimeException was thrown at: org.jetbrains.kotlin.backend.jvm.codegen.FunctionCodegen.generate(FunctionCodegen.kt:47)
	at org.jetbrains.kotlin.backend.common.CodegenUtil.reportBackendException(CodegenUtil.kt:253)
	at org.jetbrains.kotlin.backend.common.CodegenUtil.reportBackendException$default(CodegenUtil.kt:236)
	at org.jetbrains.kotlin.backend.common.phaser.PerformByIrFilePhase.invokeSequential(performByIrFile.kt:65)
	at org.jetbrains.kotlin.backend.common.phaser.PerformByIrFilePhase.invoke(performByIrFile.kt:52)
	at org.jetbrains.kotlin.backend.common.phaser.PerformByIrFilePhase.invoke(performByIrFile.kt:38)
	at org.jetbrains.kotlin.backend.common.phaser.NamedCompilerPhase.phaseBody(CompilerPhase.kt:166)
	at org.jetbrains.kotlin.backend.common.phaser.AbstractNamedCompilerPhase.invoke(CompilerPhase.kt:113)
	at org.jetbrains.kotlin.backend.common.phaser.CompositePhase.invoke(PhaseBuilders.kt:27)
	at org.jetbrains.kotlin.backend.common.phaser.CompositePhase.invoke(PhaseBuilders.kt:14)
	at org.jetbrains.kotlin.backend.common.phaser.NamedCompilerPhase.phaseBody(CompilerPhase.kt:166)
	at org.jetbrains.kotlin.backend.common.phaser.AbstractNamedCompilerPhase.invoke(CompilerPhase.kt:113)
	at org.jetbrains.kotlin.backend.common.phaser.CompilerPhaseKt.invokeToplevel(CompilerPhase.kt:62)
	at org.jetbrains.kotlin.backend.jvm.JvmIrCodegenFactory.invokeCodegen(JvmIrCodegenFactory.kt:371)
	at org.jetbrains.kotlin.codegen.CodegenFactory.generateModule(CodegenFactory.kt:47)
	at org.jetbrains.kotlin.backend.jvm.JvmIrCodegenFactory.generateModuleInFrontendIRMode(JvmIrCodegenFactory.kt:433)
	at org.jetbrains.kotlin.cli.jvm.compiler.pipeline.JvmCompilerPipelineKt.generateCodeFromIr(jvmCompilerPipeline.kt:246)
	at org.jetbrains.kotlin.cli.jvm.compiler.pipeline.JvmCompilerPipelineKt.compileModulesUsingFrontendIrAndLightTree(jvmCompilerPipeline.kt:142)
	at org.jetbrains.kotlin.cli.jvm.K2JVMCompiler.doExecute(K2JVMCompiler.kt:148)
	at org.jetbrains.kotlin.cli.jvm.K2JVMCompiler.doExecute(K2JVMCompiler.kt:43)
	at org.jetbrains.kotlin.cli.common.CLICompiler.execImpl(CLICompiler.kt:103)
	at org.jetbrains.kotlin.cli.common.CLICompiler.execImpl(CLICompiler.kt:49)
	at org.jetbrains.kotlin.cli.common.CLITool.exec(CLITool.kt:101)
	at org.jetbrains.kotlin.incremental.IncrementalJvmCompilerRunner.runCompiler(IncrementalJvmCompilerRunner.kt:464)
	at org.jetbrains.kotlin.incremental.IncrementalJvmCompilerRunner.runCompiler(IncrementalJvmCompilerRunner.kt:73)
	at org.jetbrains.kotlin.incremental.IncrementalCompilerRunner.doCompile(IncrementalCompilerRunner.kt:506)
	at org.jetbrains.kotlin.incremental.IncrementalCompilerRunner.compileImpl(IncrementalCompilerRunner.kt:423)
	at org.jetbrains.kotlin.incremental.IncrementalCompilerRunner.tryCompileIncrementally$lambda$9$compile(IncrementalCompilerRunner.kt:249)
	at org.jetbrains.kotlin.incremental.IncrementalCompilerRunner.tryCompileIncrementally(IncrementalCompilerRunner.kt:267)
	at org.jetbrains.kotlin.incremental.IncrementalCompilerRunner.compile(IncrementalCompilerRunner.kt:120)
	at org.jetbrains.kotlin.daemon.CompileServiceImplBase.execIncrementalCompiler(CompileServiceImpl.kt:675)
	at org.jetbrains.kotlin.daemon.CompileServiceImplBase.access$execIncrementalCompiler(CompileServiceImpl.kt:92)
	at org.jetbrains.kotlin.daemon.CompileServiceImpl.compile(CompileServiceImpl.kt:1660)
	at java.base/jdk.internal.reflect.DirectMethodHandleAccessor.invoke(Unknown Source)
	at java.base/java.lang.reflect.Method.invoke(Unknown Source)
	at java.rmi/sun.rmi.server.UnicastServerRef.dispatch(Unknown Source)
	at java.rmi/sun.rmi.transport.Transport$1.run(Unknown Source)
	at java.rmi/sun.rmi.transport.Transport$1.run(Unknown Source)
	at java.base/java.security.AccessController.doPrivileged(Unknown Source)
	at java.rmi/sun.rmi.transport.Transport.serviceCall(Unknown Source)
	at java.rmi/sun.rmi.transport.tcp.TCPTransport.handleMessages(Unknown Source)
	at java.rmi/sun.rmi.transport.tcp.TCPTransport$ConnectionHandler.run0(Unknown Source)
	at java.rmi/sun.rmi.transport.tcp.TCPTransport$ConnectionHandler.lambda$run$0(Unknown Source)
	at java.base/java.security.AccessController.doPrivileged(Unknown Source)
	at java.rmi/sun.rmi.transport.tcp.TCPTransport$ConnectionHandler.run(Unknown Source)
	at java.base/java.util.concurrent.ThreadPoolExecutor.runWorker(Unknown Source)
	at java.base/java.util.concurrent.ThreadPoolExecutor$Worker.run(Unknown Source)
	at java.base/java.lang.Thread.run(Unknown Source)
Caused by: java.lang.RuntimeException: Exception while generating code for:
FUN name:refreshPhotoButtons visibility:private modality:FINAL <> ($this:com.cetie.appli_tablette.DetailActivity) returnType:kotlin.Unit
  $this: VALUE_PARAMETER name:<this> type:com.cetie.appli_tablette.DetailActivity
  BLOCK_BODY
    CALL 'public open fun removeAllViews (): kotlin.Unit [fake_override] declared in android.widget.LinearLayout' type=kotlin.Unit origin=null
      $this: BLOCK type=android.widget.LinearLayout origin=FOLDED_ELVIS
        WHEN type=android.widget.LinearLayout origin=FOLDED_ELVIS
          BRANCH
            if: COMPOSITE type=kotlin.Boolean origin=null
              VAR IR_TEMPORARY_VARIABLE name:tmp0 type:android.widget.LinearLayout? [val]
                GET_FIELD 'FIELD PROPERTY_BACKING_FIELD name:photoContainer type:android.widget.LinearLayout? visibility:private' type=android.widget.LinearLayout? origin=null
                  receiver: GET_VAR '<this>: com.cetie.appli_tablette.DetailActivity declared in com.cetie.appli_tablette.DetailActivity.refreshPhotoButtons' type=com.cetie.appli_tablette.DetailActivity origin=null
              CALL 'public final fun not (): kotlin.Boolean [operator] declared in kotlin.Boolean' type=kotlin.Boolean origin=null
                $this: CALL 'public final fun EQEQ (arg0: kotlin.Any?, arg1: kotlin.Any?): kotlin.Boolean declared in kotlin.internal.ir' type=kotlin.Boolean origin=null
                  arg0: GET_VAR 'val tmp0: android.widget.LinearLayout? [val] declared in com.cetie.appli_tablette.DetailActivity.refreshPhotoButtons' type=android.widget.LinearLayout? origin=null
                  arg1: CONST Null type=kotlin.Nothing? value=null
            then: GET_VAR 'val tmp0: android.widget.LinearLayout? [val] declared in com.cetie.appli_tablette.DetailActivity.refreshPhotoButtons' type=android.widget.LinearLayout? origin=null
          BRANCH
            if: CONST Boolean type=kotlin.Boolean value=true
            then: BLOCK type=kotlin.Unit origin=null
              CALL 'public final fun throwUninitializedPropertyAccessException (propertyName: kotlin.String): kotlin.Unit declared in kotlin.jvm.internal.Intrinsics' type=kotlin.Unit origin=null
                propertyName: CONST String type=kotlin.String value="photoContainer"
    VAR name:photos type:kotlin.collections.List<@[FlexibleNullability] java.io.File?> [val]
      BLOCK type=kotlin.collections.List<@[FlexibleNullability] java.io.File?> origin=FOLDED_ELVIS
        WHEN type=kotlin.collections.List<@[FlexibleNullability] java.io.File?> origin=FOLDED_ELVIS
          BRANCH
            if: CALL 'public final fun ANDAND (arg0: kotlin.Boolean, arg1: kotlin.Boolean): kotlin.Boolean declared in kotlin.internal.ir' type=kotlin.Boolean origin=null
              arg0: CALL 'public final fun ANDAND (arg0: kotlin.Boolean, arg1: kotlin.Boolean): kotlin.Boolean declared in kotlin.internal.ir' type=kotlin.Boolean origin=null
                arg0: COMPOSITE type=kotlin.Boolean origin=null
                  VAR IR_TEMPORARY_VARIABLE name:tmp0_safe_receiver type:@[FlexibleNullability] @[FlexibleArrayElementVariance] kotlin.Array<out @[FlexibleNullability] java.io.File?>? [val]
                    CALL 'public open fun listFiles (): @[FlexibleNullability] @[FlexibleArrayElementVariance] kotlin.Array<out @[FlexibleNullability] java.io.File?>? declared in java.io.File' type=@[FlexibleNullability] @[FlexibleArrayElementVariance] kotlin.Array<out @[FlexibleNullability] java.io.File?>? origin=null
                      $this: BLOCK type=java.io.File origin=FOLDED_ELVIS
                        WHEN type=java.io.File origin=FOLDED_ELVIS
                          BRANCH
                            if: COMPOSITE type=kotlin.Boolean origin=null
                              VAR IR_TEMPORARY_VARIABLE name:tmp0 type:java.io.File? [val]
                                GET_FIELD 'FIELD PROPERTY_BACKING_FIELD name:photosDir type:java.io.File? visibility:private' type=java.io.File? origin=null
                                  receiver: GET_VAR '<this>: com.cetie.appli_tablette.DetailActivity declared in com.cetie.appli_tablette.DetailActivity.refreshPhotoButtons' type=com.cetie.appli_tablette.DetailActivity origin=null
                              CALL 'public final fun not (): kotlin.Boolean [operator] declared in kotlin.Boolean' type=kotlin.Boolean origin=null
                                $this: CALL 'public final fun EQEQ (arg0: kotlin.Any?, arg1: kotlin.Any?): kotlin.Boolean declared in kotlin.internal.ir' type=kotlin.Boolean origin=null
                                  arg0: GET_VAR 'val tmp0: java.io.File? [val] declared in com.cetie.appli_tablette.DetailActivity.refreshPhotoButtons' type=java.io.File? origin=null
                                  arg1: CONST Null type=kotlin.Nothing? value=null
                            then: GET_VAR 'val tmp0: java.io.File? [val] declared in com.cetie.appli_tablette.DetailActivity.refreshPhotoButtons' type=java.io.File? origin=null
                          BRANCH
                            if: CONST Boolean type=kotlin.Boolean value=true
                            then: BLOCK type=kotlin.Unit origin=null
                              CALL 'public final fun throwUninitializedPropertyAccessException (propertyName: kotlin.String): kotlin.Unit declared in kotlin.jvm.internal.Intrinsics' type=kotlin.Unit origin=null
                                propertyName: CONST String type=kotlin.String value="photosDir"
                  CALL 'public final fun not (): kotlin.Boolean [operator] declared in kotlin.Boolean' type=kotlin.Boolean origin=null
                    $this: CALL 'public final fun EQEQ (arg0: kotlin.Any?, arg1: kotlin.Any?): kotlin.Boolean declared in kotlin.internal.ir' type=kotlin.Boolean origin=null
                      arg0: GET_VAR 'val tmp0_safe_receiver: @[FlexibleNullability] @[FlexibleArrayElementVariance] kotlin.Array<out @[FlexibleNullability] java.io.File?>? [val] declared in com.cetie.appli_tablette.DetailActivity.refreshPhotoButtons' type=@[FlexibleNullability] @[FlexibleArrayElementVariance] kotlin.Array<out @[FlexibleNullability] java.io.File?>? origin=null
                      arg1: CONST Null type=kotlin.Nothing? value=null
                arg1: COMPOSITE type=kotlin.Boolean origin=null
                  VAR IR_TEMPORARY_VARIABLE name:tmp1_safe_receiver type:kotlin.collections.List<@[FlexibleNullability] java.io.File?> [val]
                    CALL 'public final fun filter <T> (predicate: kotlin.Function1<T of kotlin.collections.ArraysKt.filter, kotlin.Boolean>): kotlin.collections.List<T of kotlin.collections.ArraysKt.filter> [inline] declared in kotlin.collections.ArraysKt' type=kotlin.collections.List<@[FlexibleNullability] java.io.File?> origin=null
                      <T>: @[FlexibleNullability] java.io.File?
                      $receiver: GET_VAR 'val tmp0_safe_receiver: @[FlexibleNullability] @[FlexibleArrayElementVariance] kotlin.Array<out @[FlexibleNullability] java.io.File?>? [val] declared in com.cetie.appli_tablette.DetailActivity.refreshPhotoButtons' type=@[FlexibleNullability] @[FlexibleArrayElementVariance] kotlin.Array<out @[FlexibleNullability] java.io.File?>? origin=null
                      predicate: BLOCK type=kotlin.Function1<@[FlexibleNullability] java.io.File?, kotlin.Boolean> origin=LAMBDA
                        COMPOSITE type=kotlin.Unit origin=null
                        FUNCTION_REFERENCE 'private final fun refreshPhotoButtons$lambda$10 (it: @[FlexibleNullability] java.io.File?): kotlin.Boolean declared in com.cetie.appli_tablette.DetailActivity' type=kotlin.Function1<@[FlexibleNullability] java.io.File?, kotlin.Boolean> origin=INLINE_LAMBDA reflectionTarget=null
                  CALL 'public final fun not (): kotlin.Boolean [operator] declared in kotlin.Boolean' type=kotlin.Boolean origin=null
                    $this: CALL 'public final fun EQEQ (arg0: kotlin.Any?, arg1: kotlin.Any?): kotlin.Boolean declared in kotlin.internal.ir' type=kotlin.Boolean origin=null
                      arg0: GET_VAR 'val tmp1_safe_receiver: kotlin.collections.List<@[FlexibleNullability] java.io.File?> [val] declared in com.cetie.appli_tablette.DetailActivity.refreshPhotoButtons' type=kotlin.collections.List<@[FlexibleNullability] java.io.File?> origin=null
                      arg1: CONST Null type=kotlin.Nothing? value=null
              arg1: COMPOSITE type=kotlin.Boolean origin=null
                VAR IR_TEMPORARY_VARIABLE name:tmp2_elvis_lhs type:kotlin.collections.List<@[FlexibleNullability] java.io.File?> [val]
                  CALL 'public final fun sortedBy <T, R> (selector: kotlin.Function1<T of kotlin.collections.CollectionsKt.sortedBy, R of kotlin.collections.CollectionsKt.sortedBy?>): kotlin.collections.List<T of kotlin.collections.CollectionsKt.sortedBy> [inline] declared in kotlin.collections.CollectionsKt' type=kotlin.collections.List<@[FlexibleNullability] java.io.File?> origin=null
                    <T>: @[FlexibleNullability] java.io.File?
                    <R>: kotlin.String
                    $receiver: GET_VAR 'val tmp1_safe_receiver: kotlin.collections.List<@[FlexibleNullability] java.io.File?> [val] declared in com.cetie.appli_tablette.DetailActivity.refreshPhotoButtons' type=kotlin.collections.List<@[FlexibleNullability] java.io.File?>? origin=null
                    selector: BLOCK type=kotlin.Function1<@[FlexibleNullability] java.io.File?, kotlin.String?> origin=LAMBDA
                      COMPOSITE type=kotlin.Unit origin=null
                      FUNCTION_REFERENCE 'private final fun refreshPhotoButtons$lambda$11 (it: @[FlexibleNullability] java.io.File?): kotlin.String? declared in com.cetie.appli_tablette.DetailActivity' type=kotlin.Function1<@[FlexibleNullability] java.io.File?, kotlin.String?> origin=INLINE_LAMBDA reflectionTarget=null
                CALL 'public final fun not (): kotlin.Boolean [operator] declared in kotlin.Boolean' type=kotlin.Boolean origin=null
                  $this: CALL 'public final fun EQEQ (arg0: kotlin.Any?, arg1: kotlin.Any?): kotlin.Boolean declared in kotlin.internal.ir' type=kotlin.Boolean origin=null
                    arg0: GET_VAR 'val tmp2_elvis_lhs: kotlin.collections.List<@[FlexibleNullability] java.io.File?> [val] declared in com.cetie.appli_tablette.DetailActivity.refreshPhotoButtons' type=kotlin.collections.List<@[FlexibleNullability] java.io.File?> origin=null
                    arg1: CONST Null type=kotlin.Nothing? value=null
            then: GET_VAR 'val tmp2_elvis_lhs: kotlin.collections.List<@[FlexibleNullability] java.io.File?> [val] declared in com.cetie.appli_tablette.DetailActivity.refreshPhotoButtons' type=kotlin.collections.List<@[FlexibleNullability] java.io.File?> origin=null
          BRANCH
            if: CONST Boolean type=kotlin.Boolean value=true
            then: CALL 'public final fun emptyList <T> (): kotlin.collections.List<T of kotlin.collections.CollectionsKt.emptyList> declared in kotlin.collections.CollectionsKt' type=kotlin.collections.List<@[FlexibleNullability] java.io.File?> origin=null
              <T>: @[FlexibleNullability] java.io.File?
    CALL 'public final fun forEachIndexed <T> (action: kotlin.Function2<@[ParameterName(name = "index")] kotlin.Int, T of kotlin.collections.CollectionsKt.forEachIndexed, kotlin.Unit>): kotlin.Unit [inline] declared in kotlin.collections.CollectionsKt' type=kotlin.Unit origin=null
      <T>: @[FlexibleNullability] java.io.File?
      $receiver: GET_VAR 'val photos: kotlin.collections.List<@[FlexibleNullability] java.io.File?> [val] declared in com.cetie.appli_tablette.DetailActivity.refreshPhotoButtons' type=kotlin.collections.List<@[FlexibleNullability] java.io.File?> origin=null
      action: BLOCK type=kotlin.Function2<kotlin.Int, @[FlexibleNullability] java.io.File?, kotlin.Unit> origin=LAMBDA
        COMPOSITE type=kotlin.Unit origin=null
        FUNCTION_REFERENCE 'private final fun refreshPhotoButtons$lambda$20 (this$0: com.cetie.appli_tablette.DetailActivity, index: kotlin.Int, file: @[FlexibleNullability] java.io.File?): kotlin.Unit declared in com.cetie.appli_tablette.DetailActivity' type=kotlin.Function2<kotlin.Int, @[FlexibleNullability] java.io.File?, kotlin.Unit> origin=INLINE_LAMBDA reflectionTarget=null
          this$0: GET_VAR '<this>: com.cetie.appli_tablette.DetailActivity declared in com.cetie.appli_tablette.DetailActivity.refreshPhotoButtons' type=com.cetie.appli_tablette.DetailActivity origin=null

	at org.jetbrains.kotlin.backend.jvm.codegen.FunctionCodegen.generate(FunctionCodegen.kt:47)
	at org.jetbrains.kotlin.backend.jvm.codegen.FunctionCodegen.generate$default(FunctionCodegen.kt:40)
	at org.jetbrains.kotlin.backend.jvm.codegen.ClassCodegen.generateMethodNode(ClassCodegen.kt:406)
	at org.jetbrains.kotlin.backend.jvm.codegen.ClassCodegen.generateMethod(ClassCodegen.kt:423)
	at org.jetbrains.kotlin.backend.jvm.codegen.ClassCodegen.generate(ClassCodegen.kt:168)
	at org.jetbrains.kotlin.backend.jvm.FileCodegen.lower(JvmPhases.kt:39)
	at org.jetbrains.kotlin.backend.common.phaser.PhaseFactoriesKt.createFilePhase$lambda$4(PhaseFactories.kt:71)
	at org.jetbrains.kotlin.backend.common.phaser.PhaseBuildersKt$createSimpleNamedCompilerPhase$1.phaseBody(PhaseBuilders.kt:69)
	at org.jetbrains.kotlin.backend.common.phaser.SimpleNamedCompilerPhase.phaseBody(CompilerPhase.kt:226)
	at org.jetbrains.kotlin.backend.common.phaser.AbstractNamedCompilerPhase.invoke(CompilerPhase.kt:113)
	at org.jetbrains.kotlin.backend.common.phaser.PerformByIrFilePhase.invokeSequential(performByIrFile.kt:62)
	... 44 more
Caused by: java.lang.RuntimeException: Exception while generating code for:
FUN INLINE_LAMBDA name:refreshPhotoButtons$lambda$20 visibility:private modality:FINAL <> (this$0:com.cetie.appli_tablette.DetailActivity, index:kotlin.Int, file:@[FlexibleNullability] java.io.File?) returnType:kotlin.Unit
  VALUE_PARAMETER BOUND_VALUE_PARAMETER name:this$0 index:0 type:com.cetie.appli_tablette.DetailActivity
  VALUE_PARAMETER name:index index:1 type:kotlin.Int
  VALUE_PARAMETER name:file index:2 type:@[FlexibleNullability] java.io.File?
  BLOCK_BODY
    VAR name:$i$a$-forEachIndexed-DetailActivity$refreshPhotoButtons$1 type:kotlin.Int [val]
      CONST Int type=kotlin.Int value=0
    VAR name:row type:android.widget.LinearLayout [val]
      CALL 'public final fun apply <T> (block: @[ExtensionFunctionType] kotlin.Function1<T of kotlin.StandardKt.apply, kotlin.Unit>): T of kotlin.StandardKt.apply [inline] declared in kotlin.StandardKt' type=android.widget.LinearLayout origin=null
        <T>: android.widget.LinearLayout
        $receiver: CONSTRUCTOR_CALL 'public constructor <init> (p0: @[FlexibleNullability] android.content.Context?) declared in android.widget.LinearLayout' type=android.widget.LinearLayout origin=null
          p0: GET_VAR 'this$0: com.cetie.appli_tablette.DetailActivity declared in com.cetie.appli_tablette.DetailActivity.refreshPhotoButtons$lambda$20' type=com.cetie.appli_tablette.DetailActivity origin=null
        block: BLOCK type=@[ExtensionFunctionType] kotlin.Function1<android.widget.LinearLayout, kotlin.Unit> origin=LAMBDA
          COMPOSITE type=kotlin.Unit origin=null
          FUNCTION_REFERENCE 'private final fun refreshPhotoButtons$lambda$20$lambda$13 (): kotlin.Unit declared in com.cetie.appli_tablette.DetailActivity' type=@[ExtensionFunctionType] kotlin.Function1<android.widget.LinearLayout, kotlin.Unit> origin=INLINE_LAMBDA reflectionTarget=null
    VAR name:photoButton type:android.widget.Button [val]
      CALL 'public final fun apply <T> (block: @[ExtensionFunctionType] kotlin.Function1<T of kotlin.StandardKt.apply, kotlin.Unit>): T of kotlin.StandardKt.apply [inline] declared in kotlin.StandardKt' type=android.widget.Button origin=null
        <T>: android.widget.Button
        $receiver: CONSTRUCTOR_CALL 'public constructor <init> (p0: @[FlexibleNullability] android.content.Context?) declared in android.widget.Button' type=android.widget.Button origin=null
          p0: GET_VAR 'this$0: com.cetie.appli_tablette.DetailActivity declared in com.cetie.appli_tablette.DetailActivity.refreshPhotoButtons$lambda$20' type=com.cetie.appli_tablette.DetailActivity origin=null
        block: BLOCK type=@[ExtensionFunctionType] kotlin.Function1<android.widget.Button, kotlin.Unit> origin=LAMBDA
          COMPOSITE type=kotlin.Unit origin=null
          FUNCTION_REFERENCE 'private final fun refreshPhotoButtons$lambda$20$lambda$16 ($index: kotlin.Int, this$0: com.cetie.appli_tablette.DetailActivity, $file: @[FlexibleNullability] java.io.File?): kotlin.Unit declared in com.cetie.appli_tablette.DetailActivity' type=@[ExtensionFunctionType] kotlin.Function1<android.widget.Button, kotlin.Unit> origin=INLINE_LAMBDA reflectionTarget=null
            $index: GET_VAR 'index: kotlin.Int declared in com.cetie.appli_tablette.DetailActivity.refreshPhotoButtons$lambda$20' type=kotlin.Int origin=null
            this$0: GET_VAR 'this$0: com.cetie.appli_tablette.DetailActivity declared in com.cetie.appli_tablette.DetailActivity.refreshPhotoButtons$lambda$20' type=com.cetie.appli_tablette.DetailActivity origin=null
            $file: GET_VAR 'file: @[FlexibleNullability] java.io.File? declared in com.cetie.appli_tablette.DetailActivity.refreshPhotoButtons$lambda$20' type=@[FlexibleNullability] java.io.File? origin=null
    VAR name:deleteLabel type:android.widget.TextView [val]
      CALL 'public final fun apply <T> (block: @[ExtensionFunctionType] kotlin.Function1<T of kotlin.StandardKt.apply, kotlin.Unit>): T of kotlin.StandardKt.apply [inline] declared in kotlin.StandardKt' type=android.widget.TextView origin=null
        <T>: android.widget.TextView
        $receiver: CONSTRUCTOR_CALL 'public constructor <init> (p0: @[FlexibleNullability] android.content.Context?) declared in android.widget.TextView' type=android.widget.TextView origin=null
          p0: GET_VAR 'this$0: com.cetie.appli_tablette.DetailActivity declared in com.cetie.appli_tablette.DetailActivity.refreshPhotoButtons$lambda$20' type=com.cetie.appli_tablette.DetailActivity origin=null
        block: BLOCK type=@[ExtensionFunctionType] kotlin.Function1<android.widget.TextView, kotlin.Unit> origin=LAMBDA
          COMPOSITE type=kotlin.Unit origin=null
          FUNCTION_REFERENCE 'private final fun refreshPhotoButtons$lambda$20$lambda$19 (this$0: com.cetie.appli_tablette.DetailActivity, $index: kotlin.Int, $file: @[FlexibleNullability] java.io.File?): kotlin.Unit declared in com.cetie.appli_tablette.DetailActivity' type=@[ExtensionFunctionType] kotlin.Function1<android.widget.TextView, kotlin.Unit> origin=INLINE_LAMBDA reflectionTarget=null
            this$0: GET_VAR 'this$0: com.cetie.appli_tablette.DetailActivity declared in com.cetie.appli_tablette.DetailActivity.refreshPhotoButtons$lambda$20' type=com.cetie.appli_tablette.DetailActivity origin=null
            $index: GET_VAR 'index: kotlin.Int declared in com.cetie.appli_tablette.DetailActivity.refreshPhotoButtons$lambda$20' type=kotlin.Int origin=null
            $file: GET_VAR 'file: @[FlexibleNullability] java.io.File? declared in com.cetie.appli_tablette.DetailActivity.refreshPhotoButtons$lambda$20' type=@[FlexibleNullability] java.io.File? origin=null
    CALL 'public open fun addView (p0: @[FlexibleNullability] android.view.View?): kotlin.Unit [fake_override] declared in android.widget.LinearLayout' type=kotlin.Unit origin=null
      $this: GET_VAR 'val row: android.widget.LinearLayout [val] declared in com.cetie.appli_tablette.DetailActivity.refreshPhotoButtons$lambda$20' type=android.widget.LinearLayout origin=null
      p0: GET_VAR 'val photoButton: android.widget.Button [val] declared in com.cetie.appli_tablette.DetailActivity.refreshPhotoButtons$lambda$20' type=android.widget.Button origin=null
    CALL 'public open fun addView (p0: @[FlexibleNullability] android.view.View?): kotlin.Unit [fake_override] declared in android.widget.LinearLayout' type=kotlin.Unit origin=null
      $this: GET_VAR 'val row: android.widget.LinearLayout [val] declared in com.cetie.appli_tablette.DetailActivity.refreshPhotoButtons$lambda$20' type=android.widget.LinearLayout origin=null
      p0: GET_VAR 'val deleteLabel: android.widget.TextView [val] declared in com.cetie.appli_tablette.DetailActivity.refreshPhotoButtons$lambda$20' type=android.widget.TextView origin=null
    CALL 'public open fun addView (p0: @[FlexibleNullability] android.view.View?): kotlin.Unit [fake_override] declared in android.widget.LinearLayout' type=kotlin.Unit origin=null
      $this: BLOCK type=android.widget.LinearLayout origin=FOLDED_ELVIS
        WHEN type=android.widget.LinearLayout origin=FOLDED_ELVIS
          BRANCH
            if: COMPOSITE type=kotlin.Boolean origin=null
              VAR IR_TEMPORARY_VARIABLE name:tmp0 type:android.widget.LinearLayout? [val]
                GET_FIELD 'FIELD PROPERTY_BACKING_FIELD name:photoContainer type:android.widget.LinearLayout? visibility:private' type=android.widget.LinearLayout? origin=null
                  receiver: GET_VAR 'this$0: com.cetie.appli_tablette.DetailActivity declared in com.cetie.appli_tablette.DetailActivity.refreshPhotoButtons$lambda$20' type=com.cetie.appli_tablette.DetailActivity origin=null
              CALL 'public final fun not (): kotlin.Boolean [operator] declared in kotlin.Boolean' type=kotlin.Boolean origin=null
                $this: CALL 'public final fun EQEQ (arg0: kotlin.Any?, arg1: kotlin.Any?): kotlin.Boolean declared in kotlin.internal.ir' type=kotlin.Boolean origin=null
                  arg0: GET_VAR 'val tmp0: android.widget.LinearLayout? [val] declared in com.cetie.appli_tablette.DetailActivity.refreshPhotoButtons$lambda$20' type=android.widget.LinearLayout? origin=null
                  arg1: CONST Null type=kotlin.Nothing? value=null
            then: GET_VAR 'val tmp0: android.widget.LinearLayout? [val] declared in com.cetie.appli_tablette.DetailActivity.refreshPhotoButtons$lambda$20' type=android.widget.LinearLayout? origin=null
          BRANCH
            if: CONST Boolean type=kotlin.Boolean value=true
            then: BLOCK type=kotlin.Unit origin=null
              CALL 'public final fun throwUninitializedPropertyAccessException (propertyName: kotlin.String): kotlin.Unit declared in kotlin.jvm.internal.Intrinsics' type=kotlin.Unit origin=null
                propertyName: CONST String type=kotlin.String value="photoContainer"
      p0: GET_VAR 'val row: android.widget.LinearLayout [val] declared in com.cetie.appli_tablette.DetailActivity.refreshPhotoButtons$lambda$20' type=android.widget.LinearLayout origin=null

	at org.jetbrains.kotlin.backend.jvm.codegen.FunctionCodegen.generate(FunctionCodegen.kt:47)
	at org.jetbrains.kotlin.backend.jvm.codegen.IrSourceCompilerForInline.generateLambdaBody(IrSourceCompilerForInline.kt:67)
	at org.jetbrains.kotlin.codegen.inline.ExpressionLambda.generateLambdaBody(LambdaInfo.kt:72)
	at org.jetbrains.kotlin.backend.jvm.codegen.IrInlineCodegen.genValueAndPut(IrInlineCodegen.kt:100)
	at org.jetbrains.kotlin.backend.jvm.codegen.ExpressionCodegen.visitCall$handleParameter(ExpressionCodegen.kt:616)
	at org.jetbrains.kotlin.backend.jvm.codegen.ExpressionCodegen.visitCall(ExpressionCodegen.kt:644)
	at org.jetbrains.kotlin.backend.jvm.codegen.ExpressionCodegen.visitCall(ExpressionCodegen.kt:138)
	at org.jetbrains.kotlin.ir.expressions.IrCall.accept(IrCall.kt:24)
	at org.jetbrains.kotlin.backend.jvm.codegen.ExpressionCodegen.visitStatementContainer(ExpressionCodegen.kt:579)
	at org.jetbrains.kotlin.backend.jvm.codegen.ExpressionCodegen.visitBlockBody(ExpressionCodegen.kt:584)
	at org.jetbrains.kotlin.backend.jvm.codegen.ExpressionCodegen.visitBlockBody(ExpressionCodegen.kt:138)
	at org.jetbrains.kotlin.ir.expressions.IrBlockBody.accept(IrBlockBody.kt:20)
	at org.jetbrains.kotlin.backend.jvm.codegen.ExpressionCodegen.generate(ExpressionCodegen.kt:240)
	at org.jetbrains.kotlin.backend.jvm.codegen.FunctionCodegen.doGenerate(FunctionCodegen.kt:123)
	at org.jetbrains.kotlin.backend.jvm.codegen.FunctionCodegen.generate(FunctionCodegen.kt:44)
	... 54 more
Caused by: java.lang.RuntimeException: Exception while generating code for:
FUN INLINE_LAMBDA name:refreshPhotoButtons$lambda$20$lambda$16 visibility:private modality:FINAL <> ($receiver:android.widget.Button, $index:kotlin.Int, this$0:com.cetie.appli_tablette.DetailActivity, $file:@[FlexibleNullability] java.io.File?) returnType:kotlin.Unit
  $receiver: VALUE_PARAMETER name:$this$apply type:android.widget.Button
  VALUE_PARAMETER BOUND_VALUE_PARAMETER name:$index index:0 type:kotlin.Int
  VALUE_PARAMETER BOUND_VALUE_PARAMETER name:this$0 index:1 type:com.cetie.appli_tablette.DetailActivity
  VALUE_PARAMETER BOUND_VALUE_PARAMETER name:$file index:2 type:@[FlexibleNullability] java.io.File?
  BLOCK_BODY
    VAR name:$i$a$-apply-DetailActivity$refreshPhotoButtons$1$photoButton$1 type:kotlin.Int [val]
      CONST Int type=kotlin.Int value=0
    CALL 'public final fun setText (p0: @[FlexibleNullability] kotlin.CharSequence?): kotlin.Unit [fake_override] declared in android.widget.Button' type=kotlin.Unit origin=EQ
      $this: GET_VAR '$this$apply: android.widget.Button declared in com.cetie.appli_tablette.DetailActivity.refreshPhotoButtons$lambda$20$lambda$16' type=android.widget.Button origin=null
      p0: STRING_CONCATENATION type=kotlin.String
        CONST String type=kotlin.String value="Photo"
        CALL 'public final fun plus (other: kotlin.Int): kotlin.Int [operator] declared in kotlin.Int' type=kotlin.Int origin=PLUS
          $this: GET_VAR '$index: kotlin.Int declared in com.cetie.appli_tablette.DetailActivity.refreshPhotoButtons$lambda$20$lambda$16' type=kotlin.Int origin=null
          other: CONST Int type=kotlin.Int value=1
    CALL 'public open fun setTextSize (p0: kotlin.Float): kotlin.Unit [fake_override] declared in android.widget.Button' type=kotlin.Unit origin=EQ
      $this: GET_VAR '$this$apply: android.widget.Button declared in com.cetie.appli_tablette.DetailActivity.refreshPhotoButtons$lambda$20$lambda$16' type=android.widget.Button origin=null
      p0: CONST Float type=kotlin.Float value=14.0
    SET_FIELD 'FIELD IR_EXTERNAL_JAVA_DECLARATION_STUB name:textAllCaps type:kotlin.Int visibility:public [final,static] declared in android.R.attr' type=kotlin.Unit superQualifierSymbol=android.R.attr origin=EQ
      value: CONST Int type=kotlin.Int value=0
    CALL 'public open fun setLayoutParams (p0: @[FlexibleNullability] android.view.ViewGroup.LayoutParams?): kotlin.Unit [fake_override] declared in android.widget.Button' type=kotlin.Unit origin=EQ
      $this: GET_VAR '$this$apply: android.widget.Button declared in com.cetie.appli_tablette.DetailActivity.refreshPhotoButtons$lambda$20$lambda$16' type=android.widget.Button origin=null
      p0: CONSTRUCTOR_CALL 'public constructor <init> (p0: kotlin.Int, p1: kotlin.Int) declared in android.widget.LinearLayout.LayoutParams' type=android.widget.LinearLayout.LayoutParams origin=null
        p0: CONST Int type=kotlin.Int value=-2
        p1: CONST Int type=kotlin.Int value=-2
    CALL 'public open fun setOnClickListener (p0: @[EnhancedNullability] android.view.View.OnClickListener?): kotlin.Unit [fake_override] declared in android.widget.Button' type=kotlin.Unit origin=null
      $this: GET_VAR '$this$apply: android.widget.Button declared in com.cetie.appli_tablette.DetailActivity.refreshPhotoButtons$lambda$20$lambda$16' type=android.widget.Button origin=null
      p0: BLOCK type=android.view.View.OnClickListener origin=LAMBDA
        COMPOSITE type=kotlin.Unit origin=null
        CALL 'public final fun <jvm-indy> <T> (dynamicCall: T of kotlin.jvm.internal.<jvm-indy>, bootstrapMethodHandle: kotlin.Any, vararg bootstrapMethodArguments: kotlin.Any): T of kotlin.jvm.internal.<jvm-indy> declared in kotlin.jvm.internal' type=android.view.View.OnClickListener origin=null
          <T>: android.view.View.OnClickListener
          dynamicCall: CALL 'public final fun onClick (p0: com.cetie.appli_tablette.DetailActivity, p1: @[FlexibleNullability] java.io.File?): android.view.View.OnClickListener declared in kotlin.jvm.internal.invokeDynamic' type=android.view.View.OnClickListener origin=null
            p0: GET_VAR 'this$0: com.cetie.appli_tablette.DetailActivity declared in com.cetie.appli_tablette.DetailActivity.refreshPhotoButtons$lambda$20$lambda$16' type=com.cetie.appli_tablette.DetailActivity origin=null
            p1: GET_VAR '$file: @[FlexibleNullability] java.io.File? declared in com.cetie.appli_tablette.DetailActivity.refreshPhotoButtons$lambda$20$lambda$16' type=@[FlexibleNullability] java.io.File? origin=null
          bootstrapMethodHandle: CALL 'public final fun <jvm-method-handle> (tag: kotlin.Int, owner: kotlin.String, name: kotlin.String, descriptor: kotlin.String, isInterface: kotlin.Boolean): kotlin.Any declared in kotlin.jvm.internal' type=kotlin.Any origin=null
            tag: CONST Int type=kotlin.Int value=6
            owner: CONST String type=kotlin.String value="java/lang/invoke/LambdaMetafactory"
            name: CONST String type=kotlin.String value="metafactory"
            descriptor: CONST String type=kotlin.String value="(Ljava/lang/invoke/MethodHandles$Lookup;Ljava/lang/String;Ljava/lang/invoke/MethodType;Ljava/lang/invoke/MethodType;Ljava/lang/invoke/MethodHandle;Ljava/lang/invoke/MethodType;)Ljava/lang/invoke/CallSite;"
            isInterface: CONST Boolean type=kotlin.Boolean value=false
          bootstrapMethodArguments: VARARG type=kotlin.Array<kotlin.Any> varargElementType=kotlin.Any
            CALL 'public final fun <jvm-original-method-type> (method: kotlin.Any): kotlin.Any declared in kotlin.jvm.internal' type=kotlin.Any origin=null
              method: RAW_FUNCTION_REFERENCE 'public abstract fun onClick (p0: @[FlexibleNullability] android.view.View?): kotlin.Unit declared in android.view.View.OnClickListener' type=kotlin.Any
            RAW_FUNCTION_REFERENCE 'private final fun refreshPhotoButtons$lambda$20$lambda$16$lambda$15 (this$0: com.cetie.appli_tablette.DetailActivity, $file: @[FlexibleNullability] java.io.File?, it: @[FlexibleNullability] android.view.View?): kotlin.Unit declared in com.cetie.appli_tablette.DetailActivity' type=kotlin.Any
            CALL 'public final fun <jvm-original-method-type> (method: kotlin.Any): kotlin.Any declared in kotlin.jvm.internal' type=kotlin.Any origin=null
              method: RAW_FUNCTION_REFERENCE 'public abstract fun onClick (p0: @[FlexibleNullability] android.view.View?): kotlin.Unit [fake_override] declared in kotlin.jvm.internal.invokeDynamic.<fake>' type=kotlin.Any

	at org.jetbrains.kotlin.backend.jvm.codegen.FunctionCodegen.generate(FunctionCodegen.kt:47)
	at org.jetbrains.kotlin.backend.jvm.codegen.IrSourceCompilerForInline.generateLambdaBody(IrSourceCompilerForInline.kt:67)
	at org.jetbrains.kotlin.codegen.inline.ExpressionLambda.generateLambdaBody(LambdaInfo.kt:72)
	at org.jetbrains.kotlin.backend.jvm.codegen.IrInlineCodegen.genValueAndPut(IrInlineCodegen.kt:100)
	at org.jetbrains.kotlin.backend.jvm.codegen.ExpressionCodegen.visitCall$handleParameter(ExpressionCodegen.kt:616)
	at org.jetbrains.kotlin.backend.jvm.codegen.ExpressionCodegen.visitCall(ExpressionCodegen.kt:644)
	at org.jetbrains.kotlin.backend.jvm.codegen.ExpressionCodegen.visitCall(ExpressionCodegen.kt:138)
	at org.jetbrains.kotlin.ir.expressions.IrCall.accept(IrCall.kt:24)
	at org.jetbrains.kotlin.backend.jvm.codegen.ExpressionCodegen.visitVariable(ExpressionCodegen.kt:790)
	at org.jetbrains.kotlin.backend.jvm.codegen.ExpressionCodegen.visitVariable(ExpressionCodegen.kt:138)
	at org.jetbrains.kotlin.ir.declarations.IrVariable.accept(IrVariable.kt:36)
	at org.jetbrains.kotlin.backend.jvm.codegen.ExpressionCodegen.visitStatementContainer(ExpressionCodegen.kt:579)
	at org.jetbrains.kotlin.backend.jvm.codegen.ExpressionCodegen.visitBlockBody(ExpressionCodegen.kt:584)
	at org.jetbrains.kotlin.backend.jvm.codegen.ExpressionCodegen.visitBlockBody(ExpressionCodegen.kt:138)
	at org.jetbrains.kotlin.ir.expressions.IrBlockBody.accept(IrBlockBody.kt:20)
	at org.jetbrains.kotlin.backend.jvm.codegen.ExpressionCodegen.generate(ExpressionCodegen.kt:240)
	at org.jetbrains.kotlin.backend.jvm.codegen.FunctionCodegen.doGenerate(FunctionCodegen.kt:123)
	at org.jetbrains.kotlin.backend.jvm.codegen.FunctionCodegen.generate(FunctionCodegen.kt:44)
	... 68 more
Caused by: java.lang.AssertionError: access of const val: SET_FIELD 'FIELD IR_EXTERNAL_JAVA_DECLARATION_STUB name:textAllCaps type:kotlin.Int visibility:public [final,static] declared in android.R.attr' type=kotlin.Unit superQualifierSymbol=android.R.attr origin=EQ
  value: CONST Int type=kotlin.Int value=0

	at org.jetbrains.kotlin.backend.jvm.codegen.ExpressionCodegen.visitFieldAccess(ExpressionCodegen.kt:861)
	at org.jetbrains.kotlin.backend.jvm.codegen.ExpressionCodegen.visitFieldAccess(ExpressionCodegen.kt:138)
	at org.jetbrains.kotlin.ir.visitors.IrElementVisitor$DefaultImpls.visitSetField(IrElementVisitor.kt:206)
	at org.jetbrains.kotlin.backend.jvm.codegen.ExpressionCodegen.visitSetField(ExpressionCodegen.kt:908)
	at org.jetbrains.kotlin.backend.jvm.codegen.ExpressionCodegen.visitSetField(ExpressionCodegen.kt:138)
	at org.jetbrains.kotlin.ir.expressions.IrSetField.accept(IrSetField.kt:21)
	at org.jetbrains.kotlin.backend.jvm.codegen.ExpressionCodegen.visitStatementContainer(ExpressionCodegen.kt:579)
	at org.jetbrains.kotlin.backend.jvm.codegen.ExpressionCodegen.visitBlockBody(ExpressionCodegen.kt:584)
	at org.jetbrains.kotlin.backend.jvm.codegen.ExpressionCodegen.visitBlockBody(ExpressionCodegen.kt:138)
	at org.jetbrains.kotlin.ir.expressions.IrBlockBody.accept(IrBlockBody.kt:20)
	at org.jetbrains.kotlin.backend.jvm.codegen.ExpressionCodegen.generate(ExpressionCodegen.kt:240)
	at org.jetbrains.kotlin.backend.jvm.codegen.FunctionCodegen.doGenerate(FunctionCodegen.kt:123)
	at org.jetbrains.kotlin.backend.jvm.codegen.FunctionCodegen.generate(FunctionCodegen.kt:44)
	... 85 more


